have_func: checking for rb_absint_size()... -------------------- yes

"gcc -o conftest -I/Users/no9/.rvm/rubies/ruby-2.5.5/include/ruby-2.5.0/x86_64-darwin18 -I/Users/no9/.rvm/rubies/ruby-2.5.5/include/ruby-2.5.0/ruby/backward -I/Users/no9/.rvm/rubies/ruby-2.5.5/include/ruby-2.5.0 -I.  -I/usr/local/opt/libyaml/include -I/usr/local/opt/libksba/include -I/usr/local/opt/readline/include -I/usr/local/opt/zlib/include -I/usr/local/opt/openssl@1.1/include -D_XOPEN_SOURCE -D_DARWIN_C_SOURCE -D_DARWIN_UNLIMITED_SELECT -D_REENTRANT   -O3 -ggdb3 -Wall -Wextra -Wno-unused-parameter -Wno-parentheses -Wno-long-long -Wno-missing-field-initializers -Wno-tautological-compare -Wno-parentheses-equality -Wno-constant-logical-operand -Wno-self-assign -Wunused-variable -Wimplicit-int -Wpointer-arith -Wwrite-strings -Wdeclaration-after-statement -Wshorten-64-to-32 -Wimplicit-function-declaration -Wdivision-by-zero -Wdeprecated-declarations -Wextra-tokens  -fno-common -pipe conftest.c  -L. -L/Users/no9/.rvm/rubies/ruby-2.5.5/lib -L"/usr/local/opt/openssl/lib --with-opt-include=-I/usr/local/opt/openssl/include" -L/usr/local/opt/libyaml/lib -L/usr/local/opt/libksba/lib -L/usr/local/opt/readline/lib -L/usr/local/opt/zlib/lib -L/usr/local/opt/openssl@1.1/lib -L. -fstack-protector -L/usr/local/lib -L/usr/local/opt/libyaml/lib -L/usr/local/opt/libksba/lib -L/usr/local/opt/readline/lib -L/usr/local/opt/zlib/lib -L/usr/local/opt/openssl@1.1/lib     -lruby.2.5.5  -lpthread -ldl -lobjc "
ld: warning: directory not found for option '-L/usr/local/opt/openssl/lib --with-opt-include=-I/usr/local/opt/openssl/include'
checked program was:
/* begin */
1: #include "ruby.h"
2: 
3: int main(int argc, char **argv)
4: {
5:   return 0;
6: }
/* end */

"gcc -o conftest -I/Users/no9/.rvm/rubies/ruby-2.5.5/include/ruby-2.5.0/x86_64-darwin18 -I/Users/no9/.rvm/rubies/ruby-2.5.5/include/ruby-2.5.0/ruby/backward -I/Users/no9/.rvm/rubies/ruby-2.5.5/include/ruby-2.5.0 -I.  -I/usr/local/opt/libyaml/include -I/usr/local/opt/libksba/include -I/usr/local/opt/readline/include -I/usr/local/opt/zlib/include -I/usr/local/opt/openssl@1.1/include -D_XOPEN_SOURCE -D_DARWIN_C_SOURCE -D_DARWIN_UNLIMITED_SELECT -D_REENTRANT   -O3 -ggdb3 -Wall -Wextra -Wno-unused-parameter -Wno-parentheses -Wno-long-long -Wno-missing-field-initializers -Wno-tautological-compare -Wno-parentheses-equality -Wno-constant-logical-operand -Wno-self-assign -Wunused-variable -Wimplicit-int -Wpointer-arith -Wwrite-strings -Wdeclaration-after-statement -Wshorten-64-to-32 -Wimplicit-function-declaration -Wdivision-by-zero -Wdeprecated-declarations -Wextra-tokens  -fno-common -pipe conftest.c  -L. -L/Users/no9/.rvm/rubies/ruby-2.5.5/lib -L"/usr/local/opt/openssl/lib --with-opt-include=-I/usr/local/opt/openssl/include" -L/usr/local/opt/libyaml/lib -L/usr/local/opt/libksba/lib -L/usr/local/opt/readline/lib -L/usr/local/opt/zlib/lib -L/usr/local/opt/openssl@1.1/lib -L. -fstack-protector -L/usr/local/lib -L/usr/local/opt/libyaml/lib -L/usr/local/opt/libksba/lib -L/usr/local/opt/readline/lib -L/usr/local/opt/zlib/lib -L/usr/local/opt/openssl@1.1/lib     -lruby.2.5.5  -lpthread -ldl -lobjc "
ld: warning: directory not found for option '-L/usr/local/opt/openssl/lib --with-opt-include=-I/usr/local/opt/openssl/include'
checked program was:
/* begin */
 1: #include "ruby.h"
 2: 
 3: /*top*/
 4: extern int t(void);
 5: int main(int argc, char **argv)
 6: {
 7:   if (argc > 1000000) {
 8:     printf("%p", &t);
 9:   }
10: 
11:   return 0;
12: }
13: int t(void) { void ((*volatile p)()); p = (void ((*)()))rb_absint_size; return !p; }
/* end */

--------------------

have_func: checking for rb_absint_singlebit_p()... -------------------- yes

"gcc -o conftest -I/Users/no9/.rvm/rubies/ruby-2.5.5/include/ruby-2.5.0/x86_64-darwin18 -I/Users/no9/.rvm/rubies/ruby-2.5.5/include/ruby-2.5.0/ruby/backward -I/Users/no9/.rvm/rubies/ruby-2.5.5/include/ruby-2.5.0 -I.  -I/usr/local/opt/libyaml/include -I/usr/local/opt/libksba/include -I/usr/local/opt/readline/include -I/usr/local/opt/zlib/include -I/usr/local/opt/openssl@1.1/include -D_XOPEN_SOURCE -D_DARWIN_C_SOURCE -D_DARWIN_UNLIMITED_SELECT -D_REENTRANT   -O3 -ggdb3 -Wall -Wextra -Wno-unused-parameter -Wno-parentheses -Wno-long-long -Wno-missing-field-initializers -Wno-tautological-compare -Wno-parentheses-equality -Wno-constant-logical-operand -Wno-self-assign -Wunused-variable -Wimplicit-int -Wpointer-arith -Wwrite-strings -Wdeclaration-after-statement -Wshorten-64-to-32 -Wimplicit-function-declaration -Wdivision-by-zero -Wdeprecated-declarations -Wextra-tokens  -fno-common -pipe conftest.c  -L. -L/Users/no9/.rvm/rubies/ruby-2.5.5/lib -L"/usr/local/opt/openssl/lib --with-opt-include=-I/usr/local/opt/openssl/include" -L/usr/local/opt/libyaml/lib -L/usr/local/opt/libksba/lib -L/usr/local/opt/readline/lib -L/usr/local/opt/zlib/lib -L/usr/local/opt/openssl@1.1/lib -L. -fstack-protector -L/usr/local/lib -L/usr/local/opt/libyaml/lib -L/usr/local/opt/libksba/lib -L/usr/local/opt/readline/lib -L/usr/local/opt/zlib/lib -L/usr/local/opt/openssl@1.1/lib     -lruby.2.5.5  -lpthread -ldl -lobjc "
ld: warning: directory not found for option '-L/usr/local/opt/openssl/lib --with-opt-include=-I/usr/local/opt/openssl/include'
checked program was:
/* begin */
 1: #include "ruby.h"
 2: 
 3: /*top*/
 4: extern int t(void);
 5: int main(int argc, char **argv)
 6: {
 7:   if (argc > 1000000) {
 8:     printf("%p", &t);
 9:   }
10: 
11:   return 0;
12: }
13: int t(void) { void ((*volatile p)()); p = (void ((*)()))rb_absint_singlebit_p; return !p; }
/* end */

--------------------

have_func: checking for rb_wait_for_single_fd()... -------------------- yes

"gcc -o conftest -I/Users/no9/.rvm/rubies/ruby-2.5.5/include/ruby-2.5.0/x86_64-darwin18 -I/Users/no9/.rvm/rubies/ruby-2.5.5/include/ruby-2.5.0/ruby/backward -I/Users/no9/.rvm/rubies/ruby-2.5.5/include/ruby-2.5.0 -I.  -I/usr/local/opt/libyaml/include -I/usr/local/opt/libksba/include -I/usr/local/opt/readline/include -I/usr/local/opt/zlib/include -I/usr/local/opt/openssl@1.1/include -D_XOPEN_SOURCE -D_DARWIN_C_SOURCE -D_DARWIN_UNLIMITED_SELECT -D_REENTRANT   -O3 -ggdb3 -Wall -Wextra -Wno-unused-parameter -Wno-parentheses -Wno-long-long -Wno-missing-field-initializers -Wno-tautological-compare -Wno-parentheses-equality -Wno-constant-logical-operand -Wno-self-assign -Wunused-variable -Wimplicit-int -Wpointer-arith -Wwrite-strings -Wdeclaration-after-statement -Wshorten-64-to-32 -Wimplicit-function-declaration -Wdivision-by-zero -Wdeprecated-declarations -Wextra-tokens  -fno-common -pipe conftest.c  -L. -L/Users/no9/.rvm/rubies/ruby-2.5.5/lib -L"/usr/local/opt/openssl/lib --with-opt-include=-I/usr/local/opt/openssl/include" -L/usr/local/opt/libyaml/lib -L/usr/local/opt/libksba/lib -L/usr/local/opt/readline/lib -L/usr/local/opt/zlib/lib -L/usr/local/opt/openssl@1.1/lib -L. -fstack-protector -L/usr/local/lib -L/usr/local/opt/libyaml/lib -L/usr/local/opt/libksba/lib -L/usr/local/opt/readline/lib -L/usr/local/opt/zlib/lib -L/usr/local/opt/openssl@1.1/lib     -lruby.2.5.5  -lpthread -ldl -lobjc "
conftest.c:13:57: error: use of undeclared identifier 'rb_wait_for_single_fd'
int t(void) { void ((*volatile p)()); p = (void ((*)()))rb_wait_for_single_fd; return !p; }
                                                        ^
1 error generated.
checked program was:
/* begin */
 1: #include "ruby.h"
 2: 
 3: /*top*/
 4: extern int t(void);
 5: int main(int argc, char **argv)
 6: {
 7:   if (argc > 1000000) {
 8:     printf("%p", &t);
 9:   }
10: 
11:   return 0;
12: }
13: int t(void) { void ((*volatile p)()); p = (void ((*)()))rb_wait_for_single_fd; return !p; }
/* end */

"gcc -o conftest -I/Users/no9/.rvm/rubies/ruby-2.5.5/include/ruby-2.5.0/x86_64-darwin18 -I/Users/no9/.rvm/rubies/ruby-2.5.5/include/ruby-2.5.0/ruby/backward -I/Users/no9/.rvm/rubies/ruby-2.5.5/include/ruby-2.5.0 -I.  -I/usr/local/opt/libyaml/include -I/usr/local/opt/libksba/include -I/usr/local/opt/readline/include -I/usr/local/opt/zlib/include -I/usr/local/opt/openssl@1.1/include -D_XOPEN_SOURCE -D_DARWIN_C_SOURCE -D_DARWIN_UNLIMITED_SELECT -D_REENTRANT   -O3 -ggdb3 -Wall -Wextra -Wno-unused-parameter -Wno-parentheses -Wno-long-long -Wno-missing-field-initializers -Wno-tautological-compare -Wno-parentheses-equality -Wno-constant-logical-operand -Wno-self-assign -Wunused-variable -Wimplicit-int -Wpointer-arith -Wwrite-strings -Wdeclaration-after-statement -Wshorten-64-to-32 -Wimplicit-function-declaration -Wdivision-by-zero -Wdeprecated-declarations -Wextra-tokens  -fno-common -pipe conftest.c  -L. -L/Users/no9/.rvm/rubies/ruby-2.5.5/lib -L"/usr/local/opt/openssl/lib --with-opt-include=-I/usr/local/opt/openssl/include" -L/usr/local/opt/libyaml/lib -L/usr/local/opt/libksba/lib -L/usr/local/opt/readline/lib -L/usr/local/opt/zlib/lib -L/usr/local/opt/openssl@1.1/lib -L. -fstack-protector -L/usr/local/lib -L/usr/local/opt/libyaml/lib -L/usr/local/opt/libksba/lib -L/usr/local/opt/readline/lib -L/usr/local/opt/zlib/lib -L/usr/local/opt/openssl@1.1/lib     -lruby.2.5.5  -lpthread -ldl -lobjc "
ld: warning: directory not found for option '-L/usr/local/opt/openssl/lib --with-opt-include=-I/usr/local/opt/openssl/include'
checked program was:
/* begin */
 1: #include "ruby.h"
 2: 
 3: /*top*/
 4: extern int t(void);
 5: int main(int argc, char **argv)
 6: {
 7:   if (argc > 1000000) {
 8:     printf("%p", &t);
 9:   }
10: 
11:   return 0;
12: }
13: extern void rb_wait_for_single_fd();
14: int t(void) { rb_wait_for_single_fd(); return 0; }
/* end */

--------------------

have_header: checking for mysql.h... -------------------- yes

"gcc -E -I/Users/no9/.rvm/rubies/ruby-2.5.5/include/ruby-2.5.0/x86_64-darwin18 -I/Users/no9/.rvm/rubies/ruby-2.5.5/include/ruby-2.5.0/ruby/backward -I/Users/no9/.rvm/rubies/ruby-2.5.5/include/ruby-2.5.0 -I. -I/usr/local/opt/mysql@5.7/include/mysql  -I/usr/local/opt/libyaml/include -I/usr/local/opt/libksba/include -I/usr/local/opt/readline/include -I/usr/local/opt/zlib/include -I/usr/local/opt/openssl@1.1/include -D_XOPEN_SOURCE -D_DARWIN_C_SOURCE -D_DARWIN_UNLIMITED_SELECT -D_REENTRANT   -O3 -ggdb3 -Wall -Wextra -Wno-unused-parameter -Wno-parentheses -Wno-long-long -Wno-missing-field-initializers -Wno-tautological-compare -Wno-parentheses-equality -Wno-constant-logical-operand -Wno-self-assign -Wunused-variable -Wimplicit-int -Wpointer-arith -Wwrite-strings -Wdeclaration-after-statement -Wshorten-64-to-32 -Wimplicit-function-declaration -Wdivision-by-zero -Wdeprecated-declarations -Wextra-tokens  -fno-common -pipe  conftest.c -o conftest.i"
checked program was:
/* begin */
1: #include "ruby.h"
2: 
3: #include <mysql.h>
/* end */

--------------------

have_header: checking for errmsg.h... -------------------- yes

"gcc -E -I/Users/no9/.rvm/rubies/ruby-2.5.5/include/ruby-2.5.0/x86_64-darwin18 -I/Users/no9/.rvm/rubies/ruby-2.5.5/include/ruby-2.5.0/ruby/backward -I/Users/no9/.rvm/rubies/ruby-2.5.5/include/ruby-2.5.0 -I. -I/usr/local/opt/mysql@5.7/include/mysql  -I/usr/local/opt/libyaml/include -I/usr/local/opt/libksba/include -I/usr/local/opt/readline/include -I/usr/local/opt/zlib/include -I/usr/local/opt/openssl@1.1/include -D_XOPEN_SOURCE -D_DARWIN_C_SOURCE -D_DARWIN_UNLIMITED_SELECT -D_REENTRANT   -O3 -ggdb3 -Wall -Wextra -Wno-unused-parameter -Wno-parentheses -Wno-long-long -Wno-missing-field-initializers -Wno-tautological-compare -Wno-parentheses-equality -Wno-constant-logical-operand -Wno-self-assign -Wunused-variable -Wimplicit-int -Wpointer-arith -Wwrite-strings -Wdeclaration-after-statement -Wshorten-64-to-32 -Wimplicit-function-declaration -Wdivision-by-zero -Wdeprecated-declarations -Wextra-tokens  -fno-common -pipe  conftest.c -o conftest.i"
checked program was:
/* begin */
1: #include "ruby.h"
2: 
3: #include <errmsg.h>
/* end */

--------------------

have_const: checking for SSL_MODE_DISABLED in mysql.h... -------------------- yes

"gcc -I/Users/no9/.rvm/rubies/ruby-2.5.5/include/ruby-2.5.0/x86_64-darwin18 -I/Users/no9/.rvm/rubies/ruby-2.5.5/include/ruby-2.5.0/ruby/backward -I/Users/no9/.rvm/rubies/ruby-2.5.5/include/ruby-2.5.0 -I. -I/usr/local/opt/mysql@5.7/include/mysql  -I/usr/local/opt/libyaml/include -I/usr/local/opt/libksba/include -I/usr/local/opt/readline/include -I/usr/local/opt/zlib/include -I/usr/local/opt/openssl@1.1/include -D_XOPEN_SOURCE -D_DARWIN_C_SOURCE -D_DARWIN_UNLIMITED_SELECT -D_REENTRANT   -O3 -ggdb3 -Wall -Wextra -Wno-unused-parameter -Wno-parentheses -Wno-long-long -Wno-missing-field-initializers -Wno-tautological-compare -Wno-parentheses-equality -Wno-constant-logical-operand -Wno-self-assign -Wunused-variable -Wimplicit-int -Wpointer-arith -Wwrite-strings -Wdeclaration-after-statement -Wshorten-64-to-32 -Wimplicit-function-declaration -Wdivision-by-zero -Wdeprecated-declarations -Wextra-tokens  -fno-common -pipe   -c conftest.c"
checked program was:
/* begin */
1: #include "ruby.h"
2: 
3: #include <mysql.h>
4: 
5: /*top*/
6: typedef int conftest_type;
7: conftest_type conftestval = (int)SSL_MODE_DISABLED;
/* end */

--------------------

have_const: checking for SSL_MODE_PREFERRED in mysql.h... -------------------- yes

"gcc -I/Users/no9/.rvm/rubies/ruby-2.5.5/include/ruby-2.5.0/x86_64-darwin18 -I/Users/no9/.rvm/rubies/ruby-2.5.5/include/ruby-2.5.0/ruby/backward -I/Users/no9/.rvm/rubies/ruby-2.5.5/include/ruby-2.5.0 -I. -I/usr/local/opt/mysql@5.7/include/mysql  -I/usr/local/opt/libyaml/include -I/usr/local/opt/libksba/include -I/usr/local/opt/readline/include -I/usr/local/opt/zlib/include -I/usr/local/opt/openssl@1.1/include -D_XOPEN_SOURCE -D_DARWIN_C_SOURCE -D_DARWIN_UNLIMITED_SELECT -D_REENTRANT   -O3 -ggdb3 -Wall -Wextra -Wno-unused-parameter -Wno-parentheses -Wno-long-long -Wno-missing-field-initializers -Wno-tautological-compare -Wno-parentheses-equality -Wno-constant-logical-operand -Wno-self-assign -Wunused-variable -Wimplicit-int -Wpointer-arith -Wwrite-strings -Wdeclaration-after-statement -Wshorten-64-to-32 -Wimplicit-function-declaration -Wdivision-by-zero -Wdeprecated-declarations -Wextra-tokens  -fno-common -pipe   -c conftest.c"
checked program was:
/* begin */
1: #include "ruby.h"
2: 
3: #include <mysql.h>
4: 
5: /*top*/
6: typedef int conftest_type;
7: conftest_type conftestval = (int)SSL_MODE_PREFERRED;
/* end */

--------------------

have_const: checking for SSL_MODE_REQUIRED in mysql.h... -------------------- yes

"gcc -I/Users/no9/.rvm/rubies/ruby-2.5.5/include/ruby-2.5.0/x86_64-darwin18 -I/Users/no9/.rvm/rubies/ruby-2.5.5/include/ruby-2.5.0/ruby/backward -I/Users/no9/.rvm/rubies/ruby-2.5.5/include/ruby-2.5.0 -I. -I/usr/local/opt/mysql@5.7/include/mysql  -I/usr/local/opt/libyaml/include -I/usr/local/opt/libksba/include -I/usr/local/opt/readline/include -I/usr/local/opt/zlib/include -I/usr/local/opt/openssl@1.1/include -D_XOPEN_SOURCE -D_DARWIN_C_SOURCE -D_DARWIN_UNLIMITED_SELECT -D_REENTRANT   -O3 -ggdb3 -Wall -Wextra -Wno-unused-parameter -Wno-parentheses -Wno-long-long -Wno-missing-field-initializers -Wno-tautological-compare -Wno-parentheses-equality -Wno-constant-logical-operand -Wno-self-assign -Wunused-variable -Wimplicit-int -Wpointer-arith -Wwrite-strings -Wdeclaration-after-statement -Wshorten-64-to-32 -Wimplicit-function-declaration -Wdivision-by-zero -Wdeprecated-declarations -Wextra-tokens  -fno-common -pipe   -c conftest.c"
checked program was:
/* begin */
1: #include "ruby.h"
2: 
3: #include <mysql.h>
4: 
5: /*top*/
6: typedef int conftest_type;
7: conftest_type conftestval = (int)SSL_MODE_REQUIRED;
/* end */

--------------------

have_const: checking for SSL_MODE_VERIFY_CA in mysql.h... -------------------- yes

"gcc -I/Users/no9/.rvm/rubies/ruby-2.5.5/include/ruby-2.5.0/x86_64-darwin18 -I/Users/no9/.rvm/rubies/ruby-2.5.5/include/ruby-2.5.0/ruby/backward -I/Users/no9/.rvm/rubies/ruby-2.5.5/include/ruby-2.5.0 -I. -I/usr/local/opt/mysql@5.7/include/mysql  -I/usr/local/opt/libyaml/include -I/usr/local/opt/libksba/include -I/usr/local/opt/readline/include -I/usr/local/opt/zlib/include -I/usr/local/opt/openssl@1.1/include -D_XOPEN_SOURCE -D_DARWIN_C_SOURCE -D_DARWIN_UNLIMITED_SELECT -D_REENTRANT   -O3 -ggdb3 -Wall -Wextra -Wno-unused-parameter -Wno-parentheses -Wno-long-long -Wno-missing-field-initializers -Wno-tautological-compare -Wno-parentheses-equality -Wno-constant-logical-operand -Wno-self-assign -Wunused-variable -Wimplicit-int -Wpointer-arith -Wwrite-strings -Wdeclaration-after-statement -Wshorten-64-to-32 -Wimplicit-function-declaration -Wdivision-by-zero -Wdeprecated-declarations -Wextra-tokens  -fno-common -pipe   -c conftest.c"
checked program was:
/* begin */
1: #include "ruby.h"
2: 
3: #include <mysql.h>
4: 
5: /*top*/
6: typedef int conftest_type;
7: conftest_type conftestval = (int)SSL_MODE_VERIFY_CA;
/* end */

--------------------

have_const: checking for SSL_MODE_VERIFY_IDENTITY in mysql.h... -------------------- yes

"gcc -I/Users/no9/.rvm/rubies/ruby-2.5.5/include/ruby-2.5.0/x86_64-darwin18 -I/Users/no9/.rvm/rubies/ruby-2.5.5/include/ruby-2.5.0/ruby/backward -I/Users/no9/.rvm/rubies/ruby-2.5.5/include/ruby-2.5.0 -I. -I/usr/local/opt/mysql@5.7/include/mysql  -I/usr/local/opt/libyaml/include -I/usr/local/opt/libksba/include -I/usr/local/opt/readline/include -I/usr/local/opt/zlib/include -I/usr/local/opt/openssl@1.1/include -D_XOPEN_SOURCE -D_DARWIN_C_SOURCE -D_DARWIN_UNLIMITED_SELECT -D_REENTRANT   -O3 -ggdb3 -Wall -Wextra -Wno-unused-parameter -Wno-parentheses -Wno-long-long -Wno-missing-field-initializers -Wno-tautological-compare -Wno-parentheses-equality -Wno-constant-logical-operand -Wno-self-assign -Wunused-variable -Wimplicit-int -Wpointer-arith -Wwrite-strings -Wdeclaration-after-statement -Wshorten-64-to-32 -Wimplicit-function-declaration -Wdivision-by-zero -Wdeprecated-declarations -Wextra-tokens  -fno-common -pipe   -c conftest.c"
checked program was:
/* begin */
1: #include "ruby.h"
2: 
3: #include <mysql.h>
4: 
5: /*top*/
6: typedef int conftest_type;
7: conftest_type conftestval = (int)SSL_MODE_VERIFY_IDENTITY;
/* end */

--------------------

have_struct_member: checking for MYSQL.net.vio in mysql.h... -------------------- yes

"gcc -I/Users/no9/.rvm/rubies/ruby-2.5.5/include/ruby-2.5.0/x86_64-darwin18 -I/Users/no9/.rvm/rubies/ruby-2.5.5/include/ruby-2.5.0/ruby/backward -I/Users/no9/.rvm/rubies/ruby-2.5.5/include/ruby-2.5.0 -I. -I/usr/local/opt/mysql@5.7/include/mysql  -I/usr/local/opt/libyaml/include -I/usr/local/opt/libksba/include -I/usr/local/opt/readline/include -I/usr/local/opt/zlib/include -I/usr/local/opt/openssl@1.1/include -D_XOPEN_SOURCE -D_DARWIN_C_SOURCE -D_DARWIN_UNLIMITED_SELECT -D_REENTRANT   -O3 -ggdb3 -Wall -Wextra -Wno-unused-parameter -Wno-parentheses -Wno-long-long -Wno-missing-field-initializers -Wno-tautological-compare -Wno-parentheses-equality -Wno-constant-logical-operand -Wno-self-assign -Wunused-variable -Wimplicit-int -Wpointer-arith -Wwrite-strings -Wdeclaration-after-statement -Wshorten-64-to-32 -Wimplicit-function-declaration -Wdivision-by-zero -Wdeprecated-declarations -Wextra-tokens  -fno-common -pipe -DFULL_SSL_MODE_SUPPORT   -c conftest.c"
checked program was:
/* begin */
 1: #include "ruby.h"
 2: 
 3: #include <mysql.h>
 4: 
 5: /*top*/
 6: int s = (char *)&((MYSQL*)0)->net.vio - (char *)0;
 7: int main(int argc, char **argv)
 8: {
 9:   return 0;
10: }
/* end */

--------------------

have_struct_member: checking for MYSQL.net.pvio in mysql.h... -------------------- no

"gcc -I/Users/no9/.rvm/rubies/ruby-2.5.5/include/ruby-2.5.0/x86_64-darwin18 -I/Users/no9/.rvm/rubies/ruby-2.5.5/include/ruby-2.5.0/ruby/backward -I/Users/no9/.rvm/rubies/ruby-2.5.5/include/ruby-2.5.0 -I. -I/usr/local/opt/mysql@5.7/include/mysql  -I/usr/local/opt/libyaml/include -I/usr/local/opt/libksba/include -I/usr/local/opt/readline/include -I/usr/local/opt/zlib/include -I/usr/local/opt/openssl@1.1/include -D_XOPEN_SOURCE -D_DARWIN_C_SOURCE -D_DARWIN_UNLIMITED_SELECT -D_REENTRANT   -O3 -ggdb3 -Wall -Wextra -Wno-unused-parameter -Wno-parentheses -Wno-long-long -Wno-missing-field-initializers -Wno-tautological-compare -Wno-parentheses-equality -Wno-constant-logical-operand -Wno-self-assign -Wunused-variable -Wimplicit-int -Wpointer-arith -Wwrite-strings -Wdeclaration-after-statement -Wshorten-64-to-32 -Wimplicit-function-declaration -Wdivision-by-zero -Wdeprecated-declarations -Wextra-tokens  -fno-common -pipe -DFULL_SSL_MODE_SUPPORT   -c conftest.c"
conftest.c:6:35: error: no member named 'pvio' in 'struct st_net'; did you mean 'vio'?
int s = (char *)&((MYSQL*)0)->net.pvio - (char *)0;
                                  ^~~~
                                  vio
/usr/local/opt/mysql@5.7/include/mysql/mysql_com.h:333:8: note: 'vio' declared here
  Vio *vio;
       ^
1 error generated.
checked program was:
/* begin */
 1: #include "ruby.h"
 2: 
 3: #include <mysql.h>
 4: 
 5: /*top*/
 6: int s = (char *)&((MYSQL*)0)->net.pvio - (char *)0;
 7: int main(int argc, char **argv)
 8: {
 9:   return 0;
10: }
/* end */

--------------------

have_const: checking for MYSQL_ENABLE_CLEARTEXT_PLUGIN in mysql.h... -------------------- yes

"gcc -I/Users/no9/.rvm/rubies/ruby-2.5.5/include/ruby-2.5.0/x86_64-darwin18 -I/Users/no9/.rvm/rubies/ruby-2.5.5/include/ruby-2.5.0/ruby/backward -I/Users/no9/.rvm/rubies/ruby-2.5.5/include/ruby-2.5.0 -I. -I/usr/local/opt/mysql@5.7/include/mysql  -I/usr/local/opt/libyaml/include -I/usr/local/opt/libksba/include -I/usr/local/opt/readline/include -I/usr/local/opt/zlib/include -I/usr/local/opt/openssl@1.1/include -D_XOPEN_SOURCE -D_DARWIN_C_SOURCE -D_DARWIN_UNLIMITED_SELECT -D_REENTRANT   -O3 -ggdb3 -Wall -Wextra -Wno-unused-parameter -Wno-parentheses -Wno-long-long -Wno-missing-field-initializers -Wno-tautological-compare -Wno-parentheses-equality -Wno-constant-logical-operand -Wno-self-assign -Wunused-variable -Wimplicit-int -Wpointer-arith -Wwrite-strings -Wdeclaration-after-statement -Wshorten-64-to-32 -Wimplicit-function-declaration -Wdivision-by-zero -Wdeprecated-declarations -Wextra-tokens  -fno-common -pipe -DFULL_SSL_MODE_SUPPORT   -c conftest.c"
checked program was:
/* begin */
1: #include "ruby.h"
2: 
3: #include <mysql.h>
4: 
5: /*top*/
6: typedef int conftest_type;
7: conftest_type conftestval = (int)MYSQL_ENABLE_CLEARTEXT_PLUGIN;
/* end */

--------------------

have_const: checking for SERVER_QUERY_NO_GOOD_INDEX_USED in mysql.h... -------------------- yes

"gcc -I/Users/no9/.rvm/rubies/ruby-2.5.5/include/ruby-2.5.0/x86_64-darwin18 -I/Users/no9/.rvm/rubies/ruby-2.5.5/include/ruby-2.5.0/ruby/backward -I/Users/no9/.rvm/rubies/ruby-2.5.5/include/ruby-2.5.0 -I. -I/usr/local/opt/mysql@5.7/include/mysql  -I/usr/local/opt/libyaml/include -I/usr/local/opt/libksba/include -I/usr/local/opt/readline/include -I/usr/local/opt/zlib/include -I/usr/local/opt/openssl@1.1/include -D_XOPEN_SOURCE -D_DARWIN_C_SOURCE -D_DARWIN_UNLIMITED_SELECT -D_REENTRANT   -O3 -ggdb3 -Wall -Wextra -Wno-unused-parameter -Wno-parentheses -Wno-long-long -Wno-missing-field-initializers -Wno-tautological-compare -Wno-parentheses-equality -Wno-constant-logical-operand -Wno-self-assign -Wunused-variable -Wimplicit-int -Wpointer-arith -Wwrite-strings -Wdeclaration-after-statement -Wshorten-64-to-32 -Wimplicit-function-declaration -Wdivision-by-zero -Wdeprecated-declarations -Wextra-tokens  -fno-common -pipe -DFULL_SSL_MODE_SUPPORT   -c conftest.c"
checked program was:
/* begin */
1: #include "ruby.h"
2: 
3: #include <mysql.h>
4: 
5: /*top*/
6: typedef int conftest_type;
7: conftest_type conftestval = (int)SERVER_QUERY_NO_GOOD_INDEX_USED;
/* end */

--------------------

have_const: checking for SERVER_QUERY_NO_INDEX_USED in mysql.h... -------------------- yes

"gcc -I/Users/no9/.rvm/rubies/ruby-2.5.5/include/ruby-2.5.0/x86_64-darwin18 -I/Users/no9/.rvm/rubies/ruby-2.5.5/include/ruby-2.5.0/ruby/backward -I/Users/no9/.rvm/rubies/ruby-2.5.5/include/ruby-2.5.0 -I. -I/usr/local/opt/mysql@5.7/include/mysql  -I/usr/local/opt/libyaml/include -I/usr/local/opt/libksba/include -I/usr/local/opt/readline/include -I/usr/local/opt/zlib/include -I/usr/local/opt/openssl@1.1/include -D_XOPEN_SOURCE -D_DARWIN_C_SOURCE -D_DARWIN_UNLIMITED_SELECT -D_REENTRANT   -O3 -ggdb3 -Wall -Wextra -Wno-unused-parameter -Wno-parentheses -Wno-long-long -Wno-missing-field-initializers -Wno-tautological-compare -Wno-parentheses-equality -Wno-constant-logical-operand -Wno-self-assign -Wunused-variable -Wimplicit-int -Wpointer-arith -Wwrite-strings -Wdeclaration-after-statement -Wshorten-64-to-32 -Wimplicit-function-declaration -Wdivision-by-zero -Wdeprecated-declarations -Wextra-tokens  -fno-common -pipe -DFULL_SSL_MODE_SUPPORT   -c conftest.c"
checked program was:
/* begin */
1: #include "ruby.h"
2: 
3: #include <mysql.h>
4: 
5: /*top*/
6: typedef int conftest_type;
7: conftest_type conftestval = (int)SERVER_QUERY_NO_INDEX_USED;
/* end */

--------------------

have_const: checking for SERVER_QUERY_WAS_SLOW in mysql.h... -------------------- yes

"gcc -I/Users/no9/.rvm/rubies/ruby-2.5.5/include/ruby-2.5.0/x86_64-darwin18 -I/Users/no9/.rvm/rubies/ruby-2.5.5/include/ruby-2.5.0/ruby/backward -I/Users/no9/.rvm/rubies/ruby-2.5.5/include/ruby-2.5.0 -I. -I/usr/local/opt/mysql@5.7/include/mysql  -I/usr/local/opt/libyaml/include -I/usr/local/opt/libksba/include -I/usr/local/opt/readline/include -I/usr/local/opt/zlib/include -I/usr/local/opt/openssl@1.1/include -D_XOPEN_SOURCE -D_DARWIN_C_SOURCE -D_DARWIN_UNLIMITED_SELECT -D_REENTRANT   -O3 -ggdb3 -Wall -Wextra -Wno-unused-parameter -Wno-parentheses -Wno-long-long -Wno-missing-field-initializers -Wno-tautological-compare -Wno-parentheses-equality -Wno-constant-logical-operand -Wno-self-assign -Wunused-variable -Wimplicit-int -Wpointer-arith -Wwrite-strings -Wdeclaration-after-statement -Wshorten-64-to-32 -Wimplicit-function-declaration -Wdivision-by-zero -Wdeprecated-declarations -Wextra-tokens  -fno-common -pipe -DFULL_SSL_MODE_SUPPORT   -c conftest.c"
checked program was:
/* begin */
1: #include "ruby.h"
2: 
3: #include <mysql.h>
4: 
5: /*top*/
6: typedef int conftest_type;
7: conftest_type conftestval = (int)SERVER_QUERY_WAS_SLOW;
/* end */

--------------------

have_const: checking for MYSQL_OPTION_MULTI_STATEMENTS_ON in mysql.h... -------------------- yes

"gcc -I/Users/no9/.rvm/rubies/ruby-2.5.5/include/ruby-2.5.0/x86_64-darwin18 -I/Users/no9/.rvm/rubies/ruby-2.5.5/include/ruby-2.5.0/ruby/backward -I/Users/no9/.rvm/rubies/ruby-2.5.5/include/ruby-2.5.0 -I. -I/usr/local/opt/mysql@5.7/include/mysql  -I/usr/local/opt/libyaml/include -I/usr/local/opt/libksba/include -I/usr/local/opt/readline/include -I/usr/local/opt/zlib/include -I/usr/local/opt/openssl@1.1/include -D_XOPEN_SOURCE -D_DARWIN_C_SOURCE -D_DARWIN_UNLIMITED_SELECT -D_REENTRANT   -O3 -ggdb3 -Wall -Wextra -Wno-unused-parameter -Wno-parentheses -Wno-long-long -Wno-missing-field-initializers -Wno-tautological-compare -Wno-parentheses-equality -Wno-constant-logical-operand -Wno-self-assign -Wunused-variable -Wimplicit-int -Wpointer-arith -Wwrite-strings -Wdeclaration-after-statement -Wshorten-64-to-32 -Wimplicit-function-declaration -Wdivision-by-zero -Wdeprecated-declarations -Wextra-tokens  -fno-common -pipe -DFULL_SSL_MODE_SUPPORT   -c conftest.c"
checked program was:
/* begin */
1: #include "ruby.h"
2: 
3: #include <mysql.h>
4: 
5: /*top*/
6: typedef int conftest_type;
7: conftest_type conftestval = (int)MYSQL_OPTION_MULTI_STATEMENTS_ON;
/* end */

--------------------

have_const: checking for MYSQL_OPTION_MULTI_STATEMENTS_OFF in mysql.h... -------------------- yes

"gcc -I/Users/no9/.rvm/rubies/ruby-2.5.5/include/ruby-2.5.0/x86_64-darwin18 -I/Users/no9/.rvm/rubies/ruby-2.5.5/include/ruby-2.5.0/ruby/backward -I/Users/no9/.rvm/rubies/ruby-2.5.5/include/ruby-2.5.0 -I. -I/usr/local/opt/mysql@5.7/include/mysql  -I/usr/local/opt/libyaml/include -I/usr/local/opt/libksba/include -I/usr/local/opt/readline/include -I/usr/local/opt/zlib/include -I/usr/local/opt/openssl@1.1/include -D_XOPEN_SOURCE -D_DARWIN_C_SOURCE -D_DARWIN_UNLIMITED_SELECT -D_REENTRANT   -O3 -ggdb3 -Wall -Wextra -Wno-unused-parameter -Wno-parentheses -Wno-long-long -Wno-missing-field-initializers -Wno-tautological-compare -Wno-parentheses-equality -Wno-constant-logical-operand -Wno-self-assign -Wunused-variable -Wimplicit-int -Wpointer-arith -Wwrite-strings -Wdeclaration-after-statement -Wshorten-64-to-32 -Wimplicit-function-declaration -Wdivision-by-zero -Wdeprecated-declarations -Wextra-tokens  -fno-common -pipe -DFULL_SSL_MODE_SUPPORT   -c conftest.c"
checked program was:
/* begin */
1: #include "ruby.h"
2: 
3: #include <mysql.h>
4: 
5: /*top*/
6: typedef int conftest_type;
7: conftest_type conftestval = (int)MYSQL_OPTION_MULTI_STATEMENTS_OFF;
/* end */

--------------------

have_type: checking for my_bool in mysql.h... -------------------- yes

"gcc -I/Users/no9/.rvm/rubies/ruby-2.5.5/include/ruby-2.5.0/x86_64-darwin18 -I/Users/no9/.rvm/rubies/ruby-2.5.5/include/ruby-2.5.0/ruby/backward -I/Users/no9/.rvm/rubies/ruby-2.5.5/include/ruby-2.5.0 -I. -I/usr/local/opt/mysql@5.7/include/mysql  -I/usr/local/opt/libyaml/include -I/usr/local/opt/libksba/include -I/usr/local/opt/readline/include -I/usr/local/opt/zlib/include -I/usr/local/opt/openssl@1.1/include -D_XOPEN_SOURCE -D_DARWIN_C_SOURCE -D_DARWIN_UNLIMITED_SELECT -D_REENTRANT   -O3 -ggdb3 -Wall -Wextra -Wno-unused-parameter -Wno-parentheses -Wno-long-long -Wno-missing-field-initializers -Wno-tautological-compare -Wno-parentheses-equality -Wno-constant-logical-operand -Wno-self-assign -Wunused-variable -Wimplicit-int -Wpointer-arith -Wwrite-strings -Wdeclaration-after-statement -Wshorten-64-to-32 -Wimplicit-function-declaration -Wdivision-by-zero -Wdeprecated-declarations -Wextra-tokens  -fno-common -pipe -DFULL_SSL_MODE_SUPPORT   -c conftest.c"
checked program was:
/* begin */
1: #include "ruby.h"
2: 
3: #include <mysql.h>
4: 
5: /*top*/
6: typedef my_bool conftest_type;
7: int conftestval[sizeof(conftest_type)?1:-1];
/* end */

--------------------

"gcc -o conftest -I/Users/no9/.rvm/rubies/ruby-2.5.5/include/ruby-2.5.0/x86_64-darwin18 -I/Users/no9/.rvm/rubies/ruby-2.5.5/include/ruby-2.5.0/ruby/backward -I/Users/no9/.rvm/rubies/ruby-2.5.5/include/ruby-2.5.0 -I. -I/usr/local/opt/mysql@5.7/include/mysql  -I/usr/local/opt/libyaml/include -I/usr/local/opt/libksba/include -I/usr/local/opt/readline/include -I/usr/local/opt/zlib/include -I/usr/local/opt/openssl@1.1/include -D_XOPEN_SOURCE -D_DARWIN_C_SOURCE -D_DARWIN_UNLIMITED_SELECT -D_REENTRANT   -O3 -ggdb3 -Wall -Wextra -Wno-unused-parameter -Wno-parentheses -Wno-long-long -Wno-missing-field-initializers -Wno-tautological-compare -Wno-parentheses-equality -Wno-constant-logical-operand -Wno-self-assign -Wunused-variable -Wimplicit-int -Wpointer-arith -Wwrite-strings -Wdeclaration-after-statement -Wshorten-64-to-32 -Wimplicit-function-declaration -Wdivision-by-zero -Wdeprecated-declarations -Wextra-tokens  -fno-common -pipe -DFULL_SSL_MODE_SUPPORT conftest.c  -L. -L/Users/no9/.rvm/rubies/ruby-2.5.5/lib -L"/usr/local/opt/openssl/lib --with-opt-include=-I/usr/local/opt/openssl/include" -L/usr/local/opt/libyaml/lib -L/usr/local/opt/libksba/lib -L/usr/local/opt/readline/lib -L/usr/local/opt/zlib/lib -L/usr/local/opt/openssl@1.1/lib -L. -fstack-protector -L/usr/local/lib -L/usr/local/opt/libyaml/lib -L/usr/local/opt/libksba/lib -L/usr/local/opt/readline/lib -L/usr/local/opt/zlib/lib -L/usr/local/opt/openssl@1.1/lib    -L/usr/local/opt/mysql@5.7/lib -lmysqlclient -lssl -lcrypto  -lruby.2.5.5 -Werror -Weverything -lpthread -ldl -lobjc "
In file included from conftest.c:1:
In file included from /Users/no9/.rvm/rubies/ruby-2.5.5/include/ruby-2.5.0/ruby.h:33:
In file included from /Users/no9/.rvm/rubies/ruby-2.5.5/include/ruby-2.5.0/ruby/ruby.h:24:
/Users/no9/.rvm/rubies/ruby-2.5.5/include/ruby-2.5.0/x86_64-darwin18/ruby/config.h:15:9: error: macro name is a reserved identifier [-Werror,-Wreserved-id-macro]
#define __EXTENSIONS__ 1
        ^
/Users/no9/.rvm/rubies/ruby-2.5.5/include/ruby-2.5.0/x86_64-darwin18/ruby/config.h:16:9: error: macro name is a reserved identifier [-Werror,-Wreserved-id-macro]
#define _ALL_SOURCE 1
        ^
/Users/no9/.rvm/rubies/ruby-2.5.5/include/ruby-2.5.0/x86_64-darwin18/ruby/config.h:17:9: error: macro name is a reserved identifier [-Werror,-Wreserved-id-macro]
#define _GNU_SOURCE 1
        ^
/Users/no9/.rvm/rubies/ruby-2.5.5/include/ruby-2.5.0/x86_64-darwin18/ruby/config.h:18:9: error: macro name is a reserved identifier [-Werror,-Wreserved-id-macro]
#define _POSIX_PTHREAD_SEMANTICS 1
        ^
/Users/no9/.rvm/rubies/ruby-2.5.5/include/ruby-2.5.0/x86_64-darwin18/ruby/config.h:19:9: error: macro name is a reserved identifier [-Werror,-Wreserved-id-macro]
#define _TANDEM_SOURCE 1
        ^
/Users/no9/.rvm/rubies/ruby-2.5.5/include/ruby-2.5.0/x86_64-darwin18/ruby/config.h:316:9: error: macro name is a reserved identifier [-Werror,-Wreserved-id-macro]
#define __STDC_WANT_LIB_EXT1__ 1
        ^
/Users/no9/.rvm/rubies/ruby-2.5.5/include/ruby-2.5.0/x86_64-darwin18/ruby/config.h:348:9: error: macro name is a reserved identifier [-Werror,-Wreserved-id-macro]
#define _REENTRANT 1
        ^
/Users/no9/.rvm/rubies/ruby-2.5.5/include/ruby-2.5.0/x86_64-darwin18/ruby/config.h:349:9: error: macro name is a reserved identifier [-Werror,-Wreserved-id-macro]
#define _THREAD_SAFE 1
        ^
In file included from conftest.c:1:
In file included from /Users/no9/.rvm/rubies/ruby-2.5.5/include/ruby-2.5.0/ruby.h:33:
In file included from /Users/no9/.rvm/rubies/ruby-2.5.5/include/ruby-2.5.0/ruby/ruby.h:29:
/Users/no9/.rvm/rubies/ruby-2.5.5/include/ruby-2.5.0/ruby/defines.h:174:8: error: macro name is a reserved identifier [-Werror,-Wreserved-id-macro]
#undef __
       ^
/Users/no9/.rvm/rubies/ruby-2.5.5/include/ruby-2.5.0/ruby/defines.h:176:10: error: macro name is a reserved identifier [-Werror,-Wreserved-id-macro]
# define __(args) args
         ^
In file included from conftest.c:1:
In file included from /Users/no9/.rvm/rubies/ruby-2.5.5/include/ruby-2.5.0/ruby.h:33:
/Users/no9/.rvm/rubies/ruby-2.5.5/include/ruby-2.5.0/ruby/ruby.h:846:5: error: signed shift result (0x80000000) sets the sign bit of the shift expression's type ('int') and becomes negative [-Werror,-Wshift-sign-overflow]
    RUBY_FL_USER_N(19),
    ^~~~~~~~~~~~~~~~~~
/Users/no9/.rvm/rubies/ruby-2.5.5/include/ruby-2.5.0/ruby/ruby.h:825:47: note: expanded from macro 'RUBY_FL_USER_N'
#define RUBY_FL_USER_N(n) RUBY_FL_USER##n = (1<<(RUBY_FL_USHIFT+n))
                                             ~^ ~~~~~~~~~~~~~~~~~~
/Users/no9/.rvm/rubies/ruby-2.5.5/include/ruby-2.5.0/ruby/ruby.h:896:13: error: padding struct 'struct RObject::(anonymous at /Users/no9/.rvm/rubies/ruby-2.5.5/include/ruby-2.5.0/ruby/ruby.h:894:2)' with 4 bytes to align 'ivptr' [-Werror,-Wpadded]
            VALUE *ivptr;
                   ^
/Users/no9/.rvm/rubies/ruby-2.5.5/include/ruby-2.5.0/ruby/ruby.h:1317:9: error: disabled expansion of recursive macro [-Werror,-Wdisabled-macro-expansion]
    if (RB_FL_ABLE(x)) {
        ^
/Users/no9/.rvm/rubies/ruby-2.5.5/include/ruby-2.5.0/ruby/ruby.h:1246:25: note: expanded from macro 'RB_FL_ABLE'
#define RB_FL_ABLE(x) (!RB_SPECIAL_CONST_P(x) && RB_BUILTIN_TYPE(x) != RUBY_T_NODE)
                        ^
/Users/no9/.rvm/rubies/ruby-2.5.5/include/ruby-2.5.0/ruby/ruby.h:1243:54: note: expanded from macro 'RB_SPECIAL_CONST_P'
#define RB_SPECIAL_CONST_P(x) (RB_IMMEDIATE_P(x) || !RB_TEST(x))
                                                     ^
/Users/no9/.rvm/rubies/ruby-2.5.5/include/ruby-2.5.0/ruby/ruby.h:450:44: note: expanded from macro 'RB_TEST'
#define RB_TEST(v) !(((VALUE)(v) & (VALUE)~RUBY_Qnil) == 0)
                                           ^
/Users/no9/.rvm/rubies/ruby-2.5.5/include/ruby-2.5.0/ruby/ruby.h:436:29: note: expanded from macro 'RUBY_Qnil'
#define RUBY_Qnil   ((VALUE)RUBY_Qnil)
                            ^
/Users/no9/.rvm/rubies/ruby-2.5.5/include/ruby-2.5.0/ruby/ruby.h:1471:10: error: disabled expansion of recursive macro [-Werror,-Wdisabled-macro-expansion]
    if (!RB_SPECIAL_CONST_P(b)) {
         ^
/Users/no9/.rvm/rubies/ruby-2.5.5/include/ruby-2.5.0/ruby/ruby.h:1243:54: note: expanded from macro 'RB_SPECIAL_CONST_P'
#define RB_SPECIAL_CONST_P(x) (RB_IMMEDIATE_P(x) || !RB_TEST(x))
                                                     ^
/Users/no9/.rvm/rubies/ruby-2.5.5/include/ruby-2.5.0/ruby/ruby.h:450:44: note: expanded from macro 'RB_TEST'
#define RB_TEST(v) !(((VALUE)(v) & (VALUE)~RUBY_Qnil) == 0)
                                           ^
/Users/no9/.rvm/rubies/ruby-2.5.5/include/ruby-2.5.0/ruby/ruby.h:436:29: note: expanded from macro 'RUBY_Qnil'
#define RUBY_Qnil   ((VALUE)RUBY_Qnil)
                            ^
/Users/no9/.rvm/rubies/ruby-2.5.5/include/ruby-2.5.0/ruby/ruby.h:1489:23: error: disabled expansion of recursive macro [-Werror,-Wdisabled-macro-expansion]
    rb_obj_written(a, RUBY_Qundef /* ignore `oldv' now */, b, filename, line);
                      ^
/Users/no9/.rvm/rubies/ruby-2.5.5/include/ruby-2.5.0/ruby/ruby.h:437:29: note: expanded from macro 'RUBY_Qundef'
#define RUBY_Qundef ((VALUE)RUBY_Qundef)        /* undefined value for placeholder */
                            ^
/Users/no9/.rvm/rubies/ruby-2.5.5/include/ruby-2.5.0/ruby/ruby.h:1489:63: error: 'filename' was marked unused but was used [-Werror,-Wused-but-marked-unused]
    rb_obj_written(a, RUBY_Qundef /* ignore `oldv' now */, b, filename, line);
                                                              ^
/Users/no9/.rvm/rubies/ruby-2.5.5/include/ruby-2.5.0/ruby/ruby.h:1489:73: error: 'line' was marked unused but was used [-Werror,-Wused-but-marked-unused]
    rb_obj_written(a, RUBY_Qundef /* ignore `oldv' now */, b, filename, line);
                                                                        ^
/Users/no9/.rvm/rubies/ruby-2.5.5/include/ruby-2.5.0/ruby/ruby.h:1566:9: error: disabled expansion of recursive macro [-Werror,-Wdisabled-macro-expansion]
    if (RB_TYPE_P(x, RUBY_T_STRING) && (RSTRING_LEN(x)>=1))
        ^
/Users/no9/.rvm/rubies/ruby-2.5.5/include/ruby-2.5.0/ruby/ruby.h:531:38: note: expanded from macro 'RB_TYPE_P'
        ((type) == RUBY_T_TRUE) ? ((obj) == RUBY_Qtrue) : \
                                            ^
/Users/no9/.rvm/rubies/ruby-2.5.5/include/ruby-2.5.0/ruby/ruby.h:435:29: note: expanded from macro 'RUBY_Qtrue'
#define RUBY_Qtrue  ((VALUE)RUBY_Qtrue)
                            ^
/Users/no9/.rvm/rubies/ruby-2.5.5/include/ruby-2.5.0/ruby/ruby.h:1566:9: error: disabled expansion of recursive macro [-Werror,-Wdisabled-macro-expansion]
/Users/no9/.rvm/rubies/ruby-2.5.5/include/ruby-2.5.0/ruby/ruby.h:532:39: note: expanded from macro 'RB_TYPE_P'
        ((type) == RUBY_T_FALSE) ? ((obj) == RUBY_Qfalse) : \
                                             ^
/Users/no9/.rvm/rubies/ruby-2.5.5/include/ruby-2.5.0/ruby/ruby.h:434:29: note: expanded from macro 'RUBY_Qfalse'
#define RUBY_Qfalse ((VALUE)RUBY_Qfalse)
                            ^
fatal error: too many errors emitted, stopping now [-ferror-limit=]
20 errors generated.
checked program was:
/* begin */
1: #include "ruby.h"
2: 
3: int main() {return 0;}
/* end */

"gcc -o conftest -I/Users/no9/.rvm/rubies/ruby-2.5.5/include/ruby-2.5.0/x86_64-darwin18 -I/Users/no9/.rvm/rubies/ruby-2.5.5/include/ruby-2.5.0/ruby/backward -I/Users/no9/.rvm/rubies/ruby-2.5.5/include/ruby-2.5.0 -I. -I/usr/local/opt/mysql@5.7/include/mysql  -I/usr/local/opt/libyaml/include -I/usr/local/opt/libksba/include -I/usr/local/opt/readline/include -I/usr/local/opt/zlib/include -I/usr/local/opt/openssl@1.1/include -D_XOPEN_SOURCE -D_DARWIN_C_SOURCE -D_DARWIN_UNLIMITED_SELECT -D_REENTRANT   -O3 -ggdb3 -Wall -Wextra -Wno-unused-parameter -Wno-parentheses -Wno-long-long -Wno-missing-field-initializers -Wno-tautological-compare -Wno-parentheses-equality -Wno-constant-logical-operand -Wno-self-assign -Wunused-variable -Wimplicit-int -Wpointer-arith -Wwrite-strings -Wdeclaration-after-statement -Wshorten-64-to-32 -Wimplicit-function-declaration -Wdivision-by-zero -Wdeprecated-declarations -Wextra-tokens  -fno-common -pipe -DFULL_SSL_MODE_SUPPORT conftest.c  -L. -L/Users/no9/.rvm/rubies/ruby-2.5.5/lib -L"/usr/local/opt/openssl/lib --with-opt-include=-I/usr/local/opt/openssl/include" -L/usr/local/opt/libyaml/lib -L/usr/local/opt/libksba/lib -L/usr/local/opt/readline/lib -L/usr/local/opt/zlib/lib -L/usr/local/opt/openssl@1.1/lib -L. -fstack-protector -L/usr/local/lib -L/usr/local/opt/libyaml/lib -L/usr/local/opt/libksba/lib -L/usr/local/opt/readline/lib -L/usr/local/opt/zlib/lib -L/usr/local/opt/openssl@1.1/lib    -L/usr/local/opt/mysql@5.7/lib -lmysqlclient -lssl -lcrypto  -lruby.2.5.5 -Werror -Wno-bad-function-cast -lpthread -ldl -lobjc "
ld: warning: directory not found for option '-L/usr/local/opt/openssl/lib --with-opt-include=-I/usr/local/opt/openssl/include'
checked program was:
/* begin */
1: #include "ruby.h"
2: 
3: int main() {return 0;}
/* end */

"gcc -o conftest -I/Users/no9/.rvm/rubies/ruby-2.5.5/include/ruby-2.5.0/x86_64-darwin18 -I/Users/no9/.rvm/rubies/ruby-2.5.5/include/ruby-2.5.0/ruby/backward -I/Users/no9/.rvm/rubies/ruby-2.5.5/include/ruby-2.5.0 -I. -I/usr/local/opt/mysql@5.7/include/mysql  -I/usr/local/opt/libyaml/include -I/usr/local/opt/libksba/include -I/usr/local/opt/readline/include -I/usr/local/opt/zlib/include -I/usr/local/opt/openssl@1.1/include -D_XOPEN_SOURCE -D_DARWIN_C_SOURCE -D_DARWIN_UNLIMITED_SELECT -D_REENTRANT   -O3 -ggdb3 -Wall -Wextra -Wno-unused-parameter -Wno-parentheses -Wno-long-long -Wno-missing-field-initializers -Wno-tautological-compare -Wno-parentheses-equality -Wno-constant-logical-operand -Wno-self-assign -Wunused-variable -Wimplicit-int -Wpointer-arith -Wwrite-strings -Wdeclaration-after-statement -Wshorten-64-to-32 -Wimplicit-function-declaration -Wdivision-by-zero -Wdeprecated-declarations -Wextra-tokens  -fno-common -pipe -DFULL_SSL_MODE_SUPPORT conftest.c  -L. -L/Users/no9/.rvm/rubies/ruby-2.5.5/lib -L"/usr/local/opt/openssl/lib --with-opt-include=-I/usr/local/opt/openssl/include" -L/usr/local/opt/libyaml/lib -L/usr/local/opt/libksba/lib -L/usr/local/opt/readline/lib -L/usr/local/opt/zlib/lib -L/usr/local/opt/openssl@1.1/lib -L. -fstack-protector -L/usr/local/lib -L/usr/local/opt/libyaml/lib -L/usr/local/opt/libksba/lib -L/usr/local/opt/readline/lib -L/usr/local/opt/zlib/lib -L/usr/local/opt/openssl@1.1/lib    -L/usr/local/opt/mysql@5.7/lib -lmysqlclient -lssl -lcrypto  -lruby.2.5.5 -Werror -Wno-conditional-uninitialized -lpthread -ldl -lobjc "
ld: warning: directory not found for option '-L/usr/local/opt/openssl/lib --with-opt-include=-I/usr/local/opt/openssl/include'
checked program was:
/* begin */
1: #include "ruby.h"
2: 
3: int main() {return 0;}
/* end */

"gcc -o conftest -I/Users/no9/.rvm/rubies/ruby-2.5.5/include/ruby-2.5.0/x86_64-darwin18 -I/Users/no9/.rvm/rubies/ruby-2.5.5/include/ruby-2.5.0/ruby/backward -I/Users/no9/.rvm/rubies/ruby-2.5.5/include/ruby-2.5.0 -I. -I/usr/local/opt/mysql@5.7/include/mysql  -I/usr/local/opt/libyaml/include -I/usr/local/opt/libksba/include -I/usr/local/opt/readline/include -I/usr/local/opt/zlib/include -I/usr/local/opt/openssl@1.1/include -D_XOPEN_SOURCE -D_DARWIN_C_SOURCE -D_DARWIN_UNLIMITED_SELECT -D_REENTRANT   -O3 -ggdb3 -Wall -Wextra -Wno-unused-parameter -Wno-parentheses -Wno-long-long -Wno-missing-field-initializers -Wno-tautological-compare -Wno-parentheses-equality -Wno-constant-logical-operand -Wno-self-assign -Wunused-variable -Wimplicit-int -Wpointer-arith -Wwrite-strings -Wdeclaration-after-statement -Wshorten-64-to-32 -Wimplicit-function-declaration -Wdivision-by-zero -Wdeprecated-declarations -Wextra-tokens  -fno-common -pipe -DFULL_SSL_MODE_SUPPORT conftest.c  -L. -L/Users/no9/.rvm/rubies/ruby-2.5.5/lib -L"/usr/local/opt/openssl/lib --with-opt-include=-I/usr/local/opt/openssl/include" -L/usr/local/opt/libyaml/lib -L/usr/local/opt/libksba/lib -L/usr/local/opt/readline/lib -L/usr/local/opt/zlib/lib -L/usr/local/opt/openssl@1.1/lib -L. -fstack-protector -L/usr/local/lib -L/usr/local/opt/libyaml/lib -L/usr/local/opt/libksba/lib -L/usr/local/opt/readline/lib -L/usr/local/opt/zlib/lib -L/usr/local/opt/openssl@1.1/lib    -L/usr/local/opt/mysql@5.7/lib -lmysqlclient -lssl -lcrypto  -lruby.2.5.5 -Werror -Wno-covered-switch-default -lpthread -ldl -lobjc "
ld: warning: directory not found for option '-L/usr/local/opt/openssl/lib --with-opt-include=-I/usr/local/opt/openssl/include'
checked program was:
/* begin */
1: #include "ruby.h"
2: 
3: int main() {return 0;}
/* end */

"gcc -o conftest -I/Users/no9/.rvm/rubies/ruby-2.5.5/include/ruby-2.5.0/x86_64-darwin18 -I/Users/no9/.rvm/rubies/ruby-2.5.5/include/ruby-2.5.0/ruby/backward -I/Users/no9/.rvm/rubies/ruby-2.5.5/include/ruby-2.5.0 -I. -I/usr/local/opt/mysql@5.7/include/mysql  -I/usr/local/opt/libyaml/include -I/usr/local/opt/libksba/include -I/usr/local/opt/readline/include -I/usr/local/opt/zlib/include -I/usr/local/opt/openssl@1.1/include -D_XOPEN_SOURCE -D_DARWIN_C_SOURCE -D_DARWIN_UNLIMITED_SELECT -D_REENTRANT   -O3 -ggdb3 -Wall -Wextra -Wno-unused-parameter -Wno-parentheses -Wno-long-long -Wno-missing-field-initializers -Wno-tautological-compare -Wno-parentheses-equality -Wno-constant-logical-operand -Wno-self-assign -Wunused-variable -Wimplicit-int -Wpointer-arith -Wwrite-strings -Wdeclaration-after-statement -Wshorten-64-to-32 -Wimplicit-function-declaration -Wdivision-by-zero -Wdeprecated-declarations -Wextra-tokens  -fno-common -pipe -DFULL_SSL_MODE_SUPPORT conftest.c  -L. -L/Users/no9/.rvm/rubies/ruby-2.5.5/lib -L"/usr/local/opt/openssl/lib --with-opt-include=-I/usr/local/opt/openssl/include" -L/usr/local/opt/libyaml/lib -L/usr/local/opt/libksba/lib -L/usr/local/opt/readline/lib -L/usr/local/opt/zlib/lib -L/usr/local/opt/openssl@1.1/lib -L. -fstack-protector -L/usr/local/lib -L/usr/local/opt/libyaml/lib -L/usr/local/opt/libksba/lib -L/usr/local/opt/readline/lib -L/usr/local/opt/zlib/lib -L/usr/local/opt/openssl@1.1/lib    -L/usr/local/opt/mysql@5.7/lib -lmysqlclient -lssl -lcrypto  -lruby.2.5.5 -Werror -Wno-declaration-after-statement -lpthread -ldl -lobjc "
ld: warning: directory not found for option '-L/usr/local/opt/openssl/lib --with-opt-include=-I/usr/local/opt/openssl/include'
checked program was:
/* begin */
1: #include "ruby.h"
2: 
3: int main() {return 0;}
/* end */

"gcc -o conftest -I/Users/no9/.rvm/rubies/ruby-2.5.5/include/ruby-2.5.0/x86_64-darwin18 -I/Users/no9/.rvm/rubies/ruby-2.5.5/include/ruby-2.5.0/ruby/backward -I/Users/no9/.rvm/rubies/ruby-2.5.5/include/ruby-2.5.0 -I. -I/usr/local/opt/mysql@5.7/include/mysql  -I/usr/local/opt/libyaml/include -I/usr/local/opt/libksba/include -I/usr/local/opt/readline/include -I/usr/local/opt/zlib/include -I/usr/local/opt/openssl@1.1/include -D_XOPEN_SOURCE -D_DARWIN_C_SOURCE -D_DARWIN_UNLIMITED_SELECT -D_REENTRANT   -O3 -ggdb3 -Wall -Wextra -Wno-unused-parameter -Wno-parentheses -Wno-long-long -Wno-missing-field-initializers -Wno-tautological-compare -Wno-parentheses-equality -Wno-constant-logical-operand -Wno-self-assign -Wunused-variable -Wimplicit-int -Wpointer-arith -Wwrite-strings -Wdeclaration-after-statement -Wshorten-64-to-32 -Wimplicit-function-declaration -Wdivision-by-zero -Wdeprecated-declarations -Wextra-tokens  -fno-common -pipe -DFULL_SSL_MODE_SUPPORT conftest.c  -L. -L/Users/no9/.rvm/rubies/ruby-2.5.5/lib -L"/usr/local/opt/openssl/lib --with-opt-include=-I/usr/local/opt/openssl/include" -L/usr/local/opt/libyaml/lib -L/usr/local/opt/libksba/lib -L/usr/local/opt/readline/lib -L/usr/local/opt/zlib/lib -L/usr/local/opt/openssl@1.1/lib -L. -fstack-protector -L/usr/local/lib -L/usr/local/opt/libyaml/lib -L/usr/local/opt/libksba/lib -L/usr/local/opt/readline/lib -L/usr/local/opt/zlib/lib -L/usr/local/opt/openssl@1.1/lib    -L/usr/local/opt/mysql@5.7/lib -lmysqlclient -lssl -lcrypto  -lruby.2.5.5 -Werror -Wno-disabled-macro-expansion -lpthread -ldl -lobjc "
ld: warning: directory not found for option '-L/usr/local/opt/openssl/lib --with-opt-include=-I/usr/local/opt/openssl/include'
checked program was:
/* begin */
1: #include "ruby.h"
2: 
3: int main() {return 0;}
/* end */

"gcc -o conftest -I/Users/no9/.rvm/rubies/ruby-2.5.5/include/ruby-2.5.0/x86_64-darwin18 -I/Users/no9/.rvm/rubies/ruby-2.5.5/include/ruby-2.5.0/ruby/backward -I/Users/no9/.rvm/rubies/ruby-2.5.5/include/ruby-2.5.0 -I. -I/usr/local/opt/mysql@5.7/include/mysql  -I/usr/local/opt/libyaml/include -I/usr/local/opt/libksba/include -I/usr/local/opt/readline/include -I/usr/local/opt/zlib/include -I/usr/local/opt/openssl@1.1/include -D_XOPEN_SOURCE -D_DARWIN_C_SOURCE -D_DARWIN_UNLIMITED_SELECT -D_REENTRANT   -O3 -ggdb3 -Wall -Wextra -Wno-unused-parameter -Wno-parentheses -Wno-long-long -Wno-missing-field-initializers -Wno-tautological-compare -Wno-parentheses-equality -Wno-constant-logical-operand -Wno-self-assign -Wunused-variable -Wimplicit-int -Wpointer-arith -Wwrite-strings -Wdeclaration-after-statement -Wshorten-64-to-32 -Wimplicit-function-declaration -Wdivision-by-zero -Wdeprecated-declarations -Wextra-tokens  -fno-common -pipe -DFULL_SSL_MODE_SUPPORT conftest.c  -L. -L/Users/no9/.rvm/rubies/ruby-2.5.5/lib -L"/usr/local/opt/openssl/lib --with-opt-include=-I/usr/local/opt/openssl/include" -L/usr/local/opt/libyaml/lib -L/usr/local/opt/libksba/lib -L/usr/local/opt/readline/lib -L/usr/local/opt/zlib/lib -L/usr/local/opt/openssl@1.1/lib -L. -fstack-protector -L/usr/local/lib -L/usr/local/opt/libyaml/lib -L/usr/local/opt/libksba/lib -L/usr/local/opt/readline/lib -L/usr/local/opt/zlib/lib -L/usr/local/opt/openssl@1.1/lib    -L/usr/local/opt/mysql@5.7/lib -lmysqlclient -lssl -lcrypto  -lruby.2.5.5 -Werror -Wno-documentation-unknown-command -lpthread -ldl -lobjc "
ld: warning: directory not found for option '-L/usr/local/opt/openssl/lib --with-opt-include=-I/usr/local/opt/openssl/include'
checked program was:
/* begin */
1: #include "ruby.h"
2: 
3: int main() {return 0;}
/* end */

"gcc -o conftest -I/Users/no9/.rvm/rubies/ruby-2.5.5/include/ruby-2.5.0/x86_64-darwin18 -I/Users/no9/.rvm/rubies/ruby-2.5.5/include/ruby-2.5.0/ruby/backward -I/Users/no9/.rvm/rubies/ruby-2.5.5/include/ruby-2.5.0 -I. -I/usr/local/opt/mysql@5.7/include/mysql  -I/usr/local/opt/libyaml/include -I/usr/local/opt/libksba/include -I/usr/local/opt/readline/include -I/usr/local/opt/zlib/include -I/usr/local/opt/openssl@1.1/include -D_XOPEN_SOURCE -D_DARWIN_C_SOURCE -D_DARWIN_UNLIMITED_SELECT -D_REENTRANT   -O3 -ggdb3 -Wall -Wextra -Wno-unused-parameter -Wno-parentheses -Wno-long-long -Wno-missing-field-initializers -Wno-tautological-compare -Wno-parentheses-equality -Wno-constant-logical-operand -Wno-self-assign -Wunused-variable -Wimplicit-int -Wpointer-arith -Wwrite-strings -Wdeclaration-after-statement -Wshorten-64-to-32 -Wimplicit-function-declaration -Wdivision-by-zero -Wdeprecated-declarations -Wextra-tokens  -fno-common -pipe -DFULL_SSL_MODE_SUPPORT conftest.c  -L. -L/Users/no9/.rvm/rubies/ruby-2.5.5/lib -L"/usr/local/opt/openssl/lib --with-opt-include=-I/usr/local/opt/openssl/include" -L/usr/local/opt/libyaml/lib -L/usr/local/opt/libksba/lib -L/usr/local/opt/readline/lib -L/usr/local/opt/zlib/lib -L/usr/local/opt/openssl@1.1/lib -L. -fstack-protector -L/usr/local/lib -L/usr/local/opt/libyaml/lib -L/usr/local/opt/libksba/lib -L/usr/local/opt/readline/lib -L/usr/local/opt/zlib/lib -L/usr/local/opt/openssl@1.1/lib    -L/usr/local/opt/mysql@5.7/lib -lmysqlclient -lssl -lcrypto  -lruby.2.5.5 -Werror -Wno-missing-field-initializers -lpthread -ldl -lobjc "
ld: warning: directory not found for option '-L/usr/local/opt/openssl/lib --with-opt-include=-I/usr/local/opt/openssl/include'
checked program was:
/* begin */
1: #include "ruby.h"
2: 
3: int main() {return 0;}
/* end */

"gcc -o conftest -I/Users/no9/.rvm/rubies/ruby-2.5.5/include/ruby-2.5.0/x86_64-darwin18 -I/Users/no9/.rvm/rubies/ruby-2.5.5/include/ruby-2.5.0/ruby/backward -I/Users/no9/.rvm/rubies/ruby-2.5.5/include/ruby-2.5.0 -I. -I/usr/local/opt/mysql@5.7/include/mysql  -I/usr/local/opt/libyaml/include -I/usr/local/opt/libksba/include -I/usr/local/opt/readline/include -I/usr/local/opt/zlib/include -I/usr/local/opt/openssl@1.1/include -D_XOPEN_SOURCE -D_DARWIN_C_SOURCE -D_DARWIN_UNLIMITED_SELECT -D_REENTRANT   -O3 -ggdb3 -Wall -Wextra -Wno-unused-parameter -Wno-parentheses -Wno-long-long -Wno-missing-field-initializers -Wno-tautological-compare -Wno-parentheses-equality -Wno-constant-logical-operand -Wno-self-assign -Wunused-variable -Wimplicit-int -Wpointer-arith -Wwrite-strings -Wdeclaration-after-statement -Wshorten-64-to-32 -Wimplicit-function-declaration -Wdivision-by-zero -Wdeprecated-declarations -Wextra-tokens  -fno-common -pipe -DFULL_SSL_MODE_SUPPORT conftest.c  -L. -L/Users/no9/.rvm/rubies/ruby-2.5.5/lib -L"/usr/local/opt/openssl/lib --with-opt-include=-I/usr/local/opt/openssl/include" -L/usr/local/opt/libyaml/lib -L/usr/local/opt/libksba/lib -L/usr/local/opt/readline/lib -L/usr/local/opt/zlib/lib -L/usr/local/opt/openssl@1.1/lib -L. -fstack-protector -L/usr/local/lib -L/usr/local/opt/libyaml/lib -L/usr/local/opt/libksba/lib -L/usr/local/opt/readline/lib -L/usr/local/opt/zlib/lib -L/usr/local/opt/openssl@1.1/lib    -L/usr/local/opt/mysql@5.7/lib -lmysqlclient -lssl -lcrypto  -lruby.2.5.5 -Werror -Wno-missing-variable-declarations -lpthread -ldl -lobjc "
ld: warning: directory not found for option '-L/usr/local/opt/openssl/lib --with-opt-include=-I/usr/local/opt/openssl/include'
checked program was:
/* begin */
1: #include "ruby.h"
2: 
3: int main() {return 0;}
/* end */

"gcc -o conftest -I/Users/no9/.rvm/rubies/ruby-2.5.5/include/ruby-2.5.0/x86_64-darwin18 -I/Users/no9/.rvm/rubies/ruby-2.5.5/include/ruby-2.5.0/ruby/backward -I/Users/no9/.rvm/rubies/ruby-2.5.5/include/ruby-2.5.0 -I. -I/usr/local/opt/mysql@5.7/include/mysql  -I/usr/local/opt/libyaml/include -I/usr/local/opt/libksba/include -I/usr/local/opt/readline/include -I/usr/local/opt/zlib/include -I/usr/local/opt/openssl@1.1/include -D_XOPEN_SOURCE -D_DARWIN_C_SOURCE -D_DARWIN_UNLIMITED_SELECT -D_REENTRANT   -O3 -ggdb3 -Wall -Wextra -Wno-unused-parameter -Wno-parentheses -Wno-long-long -Wno-missing-field-initializers -Wno-tautological-compare -Wno-parentheses-equality -Wno-constant-logical-operand -Wno-self-assign -Wunused-variable -Wimplicit-int -Wpointer-arith -Wwrite-strings -Wdeclaration-after-statement -Wshorten-64-to-32 -Wimplicit-function-declaration -Wdivision-by-zero -Wdeprecated-declarations -Wextra-tokens  -fno-common -pipe -DFULL_SSL_MODE_SUPPORT conftest.c  -L. -L/Users/no9/.rvm/rubies/ruby-2.5.5/lib -L"/usr/local/opt/openssl/lib --with-opt-include=-I/usr/local/opt/openssl/include" -L/usr/local/opt/libyaml/lib -L/usr/local/opt/libksba/lib -L/usr/local/opt/readline/lib -L/usr/local/opt/zlib/lib -L/usr/local/opt/openssl@1.1/lib -L. -fstack-protector -L/usr/local/lib -L/usr/local/opt/libyaml/lib -L/usr/local/opt/libksba/lib -L/usr/local/opt/readline/lib -L/usr/local/opt/zlib/lib -L/usr/local/opt/openssl@1.1/lib    -L/usr/local/opt/mysql@5.7/lib -lmysqlclient -lssl -lcrypto  -lruby.2.5.5 -Werror -Wno-padded -lpthread -ldl -lobjc "
ld: warning: directory not found for option '-L/usr/local/opt/openssl/lib --with-opt-include=-I/usr/local/opt/openssl/include'
checked program was:
/* begin */
1: #include "ruby.h"
2: 
3: int main() {return 0;}
/* end */

"gcc -o conftest -I/Users/no9/.rvm/rubies/ruby-2.5.5/include/ruby-2.5.0/x86_64-darwin18 -I/Users/no9/.rvm/rubies/ruby-2.5.5/include/ruby-2.5.0/ruby/backward -I/Users/no9/.rvm/rubies/ruby-2.5.5/include/ruby-2.5.0 -I. -I/usr/local/opt/mysql@5.7/include/mysql  -I/usr/local/opt/libyaml/include -I/usr/local/opt/libksba/include -I/usr/local/opt/readline/include -I/usr/local/opt/zlib/include -I/usr/local/opt/openssl@1.1/include -D_XOPEN_SOURCE -D_DARWIN_C_SOURCE -D_DARWIN_UNLIMITED_SELECT -D_REENTRANT   -O3 -ggdb3 -Wall -Wextra -Wno-unused-parameter -Wno-parentheses -Wno-long-long -Wno-missing-field-initializers -Wno-tautological-compare -Wno-parentheses-equality -Wno-constant-logical-operand -Wno-self-assign -Wunused-variable -Wimplicit-int -Wpointer-arith -Wwrite-strings -Wdeclaration-after-statement -Wshorten-64-to-32 -Wimplicit-function-declaration -Wdivision-by-zero -Wdeprecated-declarations -Wextra-tokens  -fno-common -pipe -DFULL_SSL_MODE_SUPPORT conftest.c  -L. -L/Users/no9/.rvm/rubies/ruby-2.5.5/lib -L"/usr/local/opt/openssl/lib --with-opt-include=-I/usr/local/opt/openssl/include" -L/usr/local/opt/libyaml/lib -L/usr/local/opt/libksba/lib -L/usr/local/opt/readline/lib -L/usr/local/opt/zlib/lib -L/usr/local/opt/openssl@1.1/lib -L. -fstack-protector -L/usr/local/lib -L/usr/local/opt/libyaml/lib -L/usr/local/opt/libksba/lib -L/usr/local/opt/readline/lib -L/usr/local/opt/zlib/lib -L/usr/local/opt/openssl@1.1/lib    -L/usr/local/opt/mysql@5.7/lib -lmysqlclient -lssl -lcrypto  -lruby.2.5.5 -Werror -Wno-reserved-id-macro -lpthread -ldl -lobjc "
ld: warning: directory not found for option '-L/usr/local/opt/openssl/lib --with-opt-include=-I/usr/local/opt/openssl/include'
checked program was:
/* begin */
1: #include "ruby.h"
2: 
3: int main() {return 0;}
/* end */

"gcc -o conftest -I/Users/no9/.rvm/rubies/ruby-2.5.5/include/ruby-2.5.0/x86_64-darwin18 -I/Users/no9/.rvm/rubies/ruby-2.5.5/include/ruby-2.5.0/ruby/backward -I/Users/no9/.rvm/rubies/ruby-2.5.5/include/ruby-2.5.0 -I. -I/usr/local/opt/mysql@5.7/include/mysql  -I/usr/local/opt/libyaml/include -I/usr/local/opt/libksba/include -I/usr/local/opt/readline/include -I/usr/local/opt/zlib/include -I/usr/local/opt/openssl@1.1/include -D_XOPEN_SOURCE -D_DARWIN_C_SOURCE -D_DARWIN_UNLIMITED_SELECT -D_REENTRANT   -O3 -ggdb3 -Wall -Wextra -Wno-unused-parameter -Wno-parentheses -Wno-long-long -Wno-missing-field-initializers -Wno-tautological-compare -Wno-parentheses-equality -Wno-constant-logical-operand -Wno-self-assign -Wunused-variable -Wimplicit-int -Wpointer-arith -Wwrite-strings -Wdeclaration-after-statement -Wshorten-64-to-32 -Wimplicit-function-declaration -Wdivision-by-zero -Wdeprecated-declarations -Wextra-tokens  -fno-common -pipe -DFULL_SSL_MODE_SUPPORT conftest.c  -L. -L/Users/no9/.rvm/rubies/ruby-2.5.5/lib -L"/usr/local/opt/openssl/lib --with-opt-include=-I/usr/local/opt/openssl/include" -L/usr/local/opt/libyaml/lib -L/usr/local/opt/libksba/lib -L/usr/local/opt/readline/lib -L/usr/local/opt/zlib/lib -L/usr/local/opt/openssl@1.1/lib -L. -fstack-protector -L/usr/local/lib -L/usr/local/opt/libyaml/lib -L/usr/local/opt/libksba/lib -L/usr/local/opt/readline/lib -L/usr/local/opt/zlib/lib -L/usr/local/opt/openssl@1.1/lib    -L/usr/local/opt/mysql@5.7/lib -lmysqlclient -lssl -lcrypto  -lruby.2.5.5 -Werror -Wno-sign-conversion -lpthread -ldl -lobjc "
ld: warning: directory not found for option '-L/usr/local/opt/openssl/lib --with-opt-include=-I/usr/local/opt/openssl/include'
checked program was:
/* begin */
1: #include "ruby.h"
2: 
3: int main() {return 0;}
/* end */

"gcc -o conftest -I/Users/no9/.rvm/rubies/ruby-2.5.5/include/ruby-2.5.0/x86_64-darwin18 -I/Users/no9/.rvm/rubies/ruby-2.5.5/include/ruby-2.5.0/ruby/backward -I/Users/no9/.rvm/rubies/ruby-2.5.5/include/ruby-2.5.0 -I. -I/usr/local/opt/mysql@5.7/include/mysql  -I/usr/local/opt/libyaml/include -I/usr/local/opt/libksba/include -I/usr/local/opt/readline/include -I/usr/local/opt/zlib/include -I/usr/local/opt/openssl@1.1/include -D_XOPEN_SOURCE -D_DARWIN_C_SOURCE -D_DARWIN_UNLIMITED_SELECT -D_REENTRANT   -O3 -ggdb3 -Wall -Wextra -Wno-unused-parameter -Wno-parentheses -Wno-long-long -Wno-missing-field-initializers -Wno-tautological-compare -Wno-parentheses-equality -Wno-constant-logical-operand -Wno-self-assign -Wunused-variable -Wimplicit-int -Wpointer-arith -Wwrite-strings -Wdeclaration-after-statement -Wshorten-64-to-32 -Wimplicit-function-declaration -Wdivision-by-zero -Wdeprecated-declarations -Wextra-tokens  -fno-common -pipe -DFULL_SSL_MODE_SUPPORT conftest.c  -L. -L/Users/no9/.rvm/rubies/ruby-2.5.5/lib -L"/usr/local/opt/openssl/lib --with-opt-include=-I/usr/local/opt/openssl/include" -L/usr/local/opt/libyaml/lib -L/usr/local/opt/libksba/lib -L/usr/local/opt/readline/lib -L/usr/local/opt/zlib/lib -L/usr/local/opt/openssl@1.1/lib -L. -fstack-protector -L/usr/local/lib -L/usr/local/opt/libyaml/lib -L/usr/local/opt/libksba/lib -L/usr/local/opt/readline/lib -L/usr/local/opt/zlib/lib -L/usr/local/opt/openssl@1.1/lib    -L/usr/local/opt/mysql@5.7/lib -lmysqlclient -lssl -lcrypto  -lruby.2.5.5 -Werror -Wno-static-in-inline -lpthread -ldl -lobjc "
ld: warning: directory not found for option '-L/usr/local/opt/openssl/lib --with-opt-include=-I/usr/local/opt/openssl/include'
checked program was:
/* begin */
1: #include "ruby.h"
2: 
3: int main() {return 0;}
/* end */

"gcc -o conftest -I/Users/no9/.rvm/rubies/ruby-2.5.5/include/ruby-2.5.0/x86_64-darwin18 -I/Users/no9/.rvm/rubies/ruby-2.5.5/include/ruby-2.5.0/ruby/backward -I/Users/no9/.rvm/rubies/ruby-2.5.5/include/ruby-2.5.0 -I. -I/usr/local/opt/mysql@5.7/include/mysql  -I/usr/local/opt/libyaml/include -I/usr/local/opt/libksba/include -I/usr/local/opt/readline/include -I/usr/local/opt/zlib/include -I/usr/local/opt/openssl@1.1/include -D_XOPEN_SOURCE -D_DARWIN_C_SOURCE -D_DARWIN_UNLIMITED_SELECT -D_REENTRANT   -O3 -ggdb3 -Wall -Wextra -Wno-unused-parameter -Wno-parentheses -Wno-long-long -Wno-missing-field-initializers -Wno-tautological-compare -Wno-parentheses-equality -Wno-constant-logical-operand -Wno-self-assign -Wunused-variable -Wimplicit-int -Wpointer-arith -Wwrite-strings -Wdeclaration-after-statement -Wshorten-64-to-32 -Wimplicit-function-declaration -Wdivision-by-zero -Wdeprecated-declarations -Wextra-tokens  -fno-common -pipe -DFULL_SSL_MODE_SUPPORT conftest.c  -L. -L/Users/no9/.rvm/rubies/ruby-2.5.5/lib -L"/usr/local/opt/openssl/lib --with-opt-include=-I/usr/local/opt/openssl/include" -L/usr/local/opt/libyaml/lib -L/usr/local/opt/libksba/lib -L/usr/local/opt/readline/lib -L/usr/local/opt/zlib/lib -L/usr/local/opt/openssl@1.1/lib -L. -fstack-protector -L/usr/local/lib -L/usr/local/opt/libyaml/lib -L/usr/local/opt/libksba/lib -L/usr/local/opt/readline/lib -L/usr/local/opt/zlib/lib -L/usr/local/opt/openssl@1.1/lib    -L/usr/local/opt/mysql@5.7/lib -lmysqlclient -lssl -lcrypto  -lruby.2.5.5 -Werror -Wno-switch-enum -lpthread -ldl -lobjc "
ld: warning: directory not found for option '-L/usr/local/opt/openssl/lib --with-opt-include=-I/usr/local/opt/openssl/include'
checked program was:
/* begin */
1: #include "ruby.h"
2: 
3: int main() {return 0;}
/* end */

"gcc -o conftest -I/Users/no9/.rvm/rubies/ruby-2.5.5/include/ruby-2.5.0/x86_64-darwin18 -I/Users/no9/.rvm/rubies/ruby-2.5.5/include/ruby-2.5.0/ruby/backward -I/Users/no9/.rvm/rubies/ruby-2.5.5/include/ruby-2.5.0 -I. -I/usr/local/opt/mysql@5.7/include/mysql  -I/usr/local/opt/libyaml/include -I/usr/local/opt/libksba/include -I/usr/local/opt/readline/include -I/usr/local/opt/zlib/include -I/usr/local/opt/openssl@1.1/include -D_XOPEN_SOURCE -D_DARWIN_C_SOURCE -D_DARWIN_UNLIMITED_SELECT -D_REENTRANT   -O3 -ggdb3 -Wall -Wextra -Wno-unused-parameter -Wno-parentheses -Wno-long-long -Wno-missing-field-initializers -Wno-tautological-compare -Wno-parentheses-equality -Wno-constant-logical-operand -Wno-self-assign -Wunused-variable -Wimplicit-int -Wpointer-arith -Wwrite-strings -Wdeclaration-after-statement -Wshorten-64-to-32 -Wimplicit-function-declaration -Wdivision-by-zero -Wdeprecated-declarations -Wextra-tokens  -fno-common -pipe -DFULL_SSL_MODE_SUPPORT conftest.c  -L. -L/Users/no9/.rvm/rubies/ruby-2.5.5/lib -L"/usr/local/opt/openssl/lib --with-opt-include=-I/usr/local/opt/openssl/include" -L/usr/local/opt/libyaml/lib -L/usr/local/opt/libksba/lib -L/usr/local/opt/readline/lib -L/usr/local/opt/zlib/lib -L/usr/local/opt/openssl@1.1/lib -L. -fstack-protector -L/usr/local/lib -L/usr/local/opt/libyaml/lib -L/usr/local/opt/libksba/lib -L/usr/local/opt/readline/lib -L/usr/local/opt/zlib/lib -L/usr/local/opt/openssl@1.1/lib    -L/usr/local/opt/mysql@5.7/lib -lmysqlclient -lssl -lcrypto  -lruby.2.5.5 -Werror -Wno-undef -lpthread -ldl -lobjc "
ld: warning: directory not found for option '-L/usr/local/opt/openssl/lib --with-opt-include=-I/usr/local/opt/openssl/include'
checked program was:
/* begin */
1: #include "ruby.h"
2: 
3: int main() {return 0;}
/* end */

"gcc -o conftest -I/Users/no9/.rvm/rubies/ruby-2.5.5/include/ruby-2.5.0/x86_64-darwin18 -I/Users/no9/.rvm/rubies/ruby-2.5.5/include/ruby-2.5.0/ruby/backward -I/Users/no9/.rvm/rubies/ruby-2.5.5/include/ruby-2.5.0 -I. -I/usr/local/opt/mysql@5.7/include/mysql  -I/usr/local/opt/libyaml/include -I/usr/local/opt/libksba/include -I/usr/local/opt/readline/include -I/usr/local/opt/zlib/include -I/usr/local/opt/openssl@1.1/include -D_XOPEN_SOURCE -D_DARWIN_C_SOURCE -D_DARWIN_UNLIMITED_SELECT -D_REENTRANT   -O3 -ggdb3 -Wall -Wextra -Wno-unused-parameter -Wno-parentheses -Wno-long-long -Wno-missing-field-initializers -Wno-tautological-compare -Wno-parentheses-equality -Wno-constant-logical-operand -Wno-self-assign -Wunused-variable -Wimplicit-int -Wpointer-arith -Wwrite-strings -Wdeclaration-after-statement -Wshorten-64-to-32 -Wimplicit-function-declaration -Wdivision-by-zero -Wdeprecated-declarations -Wextra-tokens  -fno-common -pipe -DFULL_SSL_MODE_SUPPORT conftest.c  -L. -L/Users/no9/.rvm/rubies/ruby-2.5.5/lib -L"/usr/local/opt/openssl/lib --with-opt-include=-I/usr/local/opt/openssl/include" -L/usr/local/opt/libyaml/lib -L/usr/local/opt/libksba/lib -L/usr/local/opt/readline/lib -L/usr/local/opt/zlib/lib -L/usr/local/opt/openssl@1.1/lib -L. -fstack-protector -L/usr/local/lib -L/usr/local/opt/libyaml/lib -L/usr/local/opt/libksba/lib -L/usr/local/opt/readline/lib -L/usr/local/opt/zlib/lib -L/usr/local/opt/openssl@1.1/lib    -L/usr/local/opt/mysql@5.7/lib -lmysqlclient -lssl -lcrypto  -lruby.2.5.5 -Werror -Wno-unreachable-code -lpthread -ldl -lobjc "
ld: warning: directory not found for option '-L/usr/local/opt/openssl/lib --with-opt-include=-I/usr/local/opt/openssl/include'
checked program was:
/* begin */
1: #include "ruby.h"
2: 
3: int main() {return 0;}
/* end */

"gcc -o conftest -I/Users/no9/.rvm/rubies/ruby-2.5.5/include/ruby-2.5.0/x86_64-darwin18 -I/Users/no9/.rvm/rubies/ruby-2.5.5/include/ruby-2.5.0/ruby/backward -I/Users/no9/.rvm/rubies/ruby-2.5.5/include/ruby-2.5.0 -I. -I/usr/local/opt/mysql@5.7/include/mysql  -I/usr/local/opt/libyaml/include -I/usr/local/opt/libksba/include -I/usr/local/opt/readline/include -I/usr/local/opt/zlib/include -I/usr/local/opt/openssl@1.1/include -D_XOPEN_SOURCE -D_DARWIN_C_SOURCE -D_DARWIN_UNLIMITED_SELECT -D_REENTRANT   -O3 -ggdb3 -Wall -Wextra -Wno-unused-parameter -Wno-parentheses -Wno-long-long -Wno-missing-field-initializers -Wno-tautological-compare -Wno-parentheses-equality -Wno-constant-logical-operand -Wno-self-assign -Wunused-variable -Wimplicit-int -Wpointer-arith -Wwrite-strings -Wdeclaration-after-statement -Wshorten-64-to-32 -Wimplicit-function-declaration -Wdivision-by-zero -Wdeprecated-declarations -Wextra-tokens  -fno-common -pipe -DFULL_SSL_MODE_SUPPORT conftest.c  -L. -L/Users/no9/.rvm/rubies/ruby-2.5.5/lib -L"/usr/local/opt/openssl/lib --with-opt-include=-I/usr/local/opt/openssl/include" -L/usr/local/opt/libyaml/lib -L/usr/local/opt/libksba/lib -L/usr/local/opt/readline/lib -L/usr/local/opt/zlib/lib -L/usr/local/opt/openssl@1.1/lib -L. -fstack-protector -L/usr/local/lib -L/usr/local/opt/libyaml/lib -L/usr/local/opt/libksba/lib -L/usr/local/opt/readline/lib -L/usr/local/opt/zlib/lib -L/usr/local/opt/openssl@1.1/lib    -L/usr/local/opt/mysql@5.7/lib -lmysqlclient -lssl -lcrypto  -lruby.2.5.5 -Werror -Wno-used-but-marked-unused -lpthread -ldl -lobjc "
ld: warning: directory not found for option '-L/usr/local/opt/openssl/lib --with-opt-include=-I/usr/local/opt/openssl/include'
checked program was:
/* begin */
1: #include "ruby.h"
2: 
3: int main() {return 0;}
/* end */

"gcc -o conftest -I/Users/no9/.rvm/rubies/ruby-2.5.5/include/ruby-2.5.0/x86_64-darwin18 -I/Users/no9/.rvm/rubies/ruby-2.5.5/include/ruby-2.5.0/ruby/backward -I/Users/no9/.rvm/rubies/ruby-2.5.5/include/ruby-2.5.0 -I. -I/usr/local/opt/mysql@5.7/include/mysql  -I/usr/local/opt/libyaml/include -I/usr/local/opt/libksba/include -I/usr/local/opt/readline/include -I/usr/local/opt/zlib/include -I/usr/local/opt/openssl@1.1/include -D_XOPEN_SOURCE -D_DARWIN_C_SOURCE -D_DARWIN_UNLIMITED_SELECT -D_REENTRANT   -O3 -ggdb3 -Wall -Wextra -Wno-unused-parameter -Wno-parentheses -Wno-long-long -Wno-missing-field-initializers -Wno-tautological-compare -Wno-parentheses-equality -Wno-constant-logical-operand -Wno-self-assign -Wunused-variable -Wimplicit-int -Wpointer-arith -Wwrite-strings -Wdeclaration-after-statement -Wshorten-64-to-32 -Wimplicit-function-declaration -Wdivision-by-zero -Wdeprecated-declarations -Wextra-tokens  -fno-common -pipe -DFULL_SSL_MODE_SUPPORT -Wno-bad-function-cast -Wno-conditional-uninitialized -Wno-covered-switch-default -Wno-declaration-after-statement -Wno-disabled-macro-expansion -Wno-documentation-unknown-command -Wno-missing-field-initializers -Wno-missing-variable-declarations -Wno-padded -Wno-reserved-id-macro -Wno-sign-conversion -Wno-static-in-inline -Wno-switch-enum -Wno-undef -Wno-unreachable-code -Wno-used-but-marked-unused conftest.c  -L. -L/Users/no9/.rvm/rubies/ruby-2.5.5/lib -L"/usr/local/opt/openssl/lib --with-opt-include=-I/usr/local/opt/openssl/include" -L/usr/local/opt/libyaml/lib -L/usr/local/opt/libksba/lib -L/usr/local/opt/readline/lib -L/usr/local/opt/zlib/lib -L/usr/local/opt/openssl@1.1/lib -L. -fstack-protector -L/usr/local/lib -L/usr/local/opt/libyaml/lib -L/usr/local/opt/libksba/lib -L/usr/local/opt/readline/lib -L/usr/local/opt/zlib/lib -L/usr/local/opt/openssl@1.1/lib    -L/usr/local/opt/mysql@5.7/lib -lmysqlclient -lssl -lcrypto  -lruby.2.5.5  -Wl,-rpath,/usr/local/opt/mysql@5.7/lib -lpthread -ldl -lobjc "
ld: warning: directory not found for option '-L/usr/local/opt/openssl/lib --with-opt-include=-I/usr/local/opt/openssl/include'
checked program was:
/* begin */
1: #include "ruby.h"
2: 
3: int main() {return 0;}
/* end */

